0 verbose cli /opt/homebrew/Cellar/node/24.6.0/bin/node /opt/homebrew/lib/node_modules/npm/bin/npm-cli.js
1 info using npm@11.6.1
2 info using node@v24.6.0
3 silly config load:file:/opt/homebrew/lib/node_modules/npm/npmrc
4 silly config load:file:/Users/alexis/code/pebbles/.npmrc
5 silly config load:file:/Users/alexis/.npmrc
6 silly config load:file:/opt/homebrew/etc/npmrc
7 verbose title npm exec shadcn-svelte@latest add toggle -y --overwrite
8 verbose argv "exec" "--" "shadcn-svelte@latest" "add" "toggle" "-y" "--overwrite"
9 verbose logfile logs-max:10 dir:/Users/alexis/code/pebbles/.npm-cache/_logs/2025-10-19T09_22_00_705Z-
10 verbose logfile /Users/alexis/code/pebbles/.npm-cache/_logs/2025-10-19T09_22_00_705Z-debug-0.log
11 silly logfile done cleaning log files
12 silly packumentCache heap:4496293888 maxSize:1124073472 maxEntrySize:562036736
13 http fetch GET 200 https://registry.npmjs.org/shadcn-svelte 80ms (cache miss)
14 silly packumentCache heap:4496293888 maxSize:1124073472 maxEntrySize:562036736
15 http fetch GET 200 https://registry.npmjs.org/npm 147ms
16 silly packumentCache heap:4496293888 maxSize:1124073472 maxEntrySize:562036736
17 warn exec The following package was not found and will be installed: shadcn-svelte@1.0.8
18 silly idealTree buildDeps
19 silly fetch manifest shadcn-svelte@1.0.8
20 silly packumentCache full:https://registry.npmjs.org/shadcn-svelte cache-miss
21 http fetch GET 200 https://registry.npmjs.org/shadcn-svelte 669ms (cache miss)
22 silly packumentCache full:https://registry.npmjs.org/shadcn-svelte set size:undefined disposed:false
23 silly placeDep ROOT shadcn-svelte@1.0.8 OK for:  want: 1.0.8
24 silly fetch manifest commander@^14.0.0
25 silly packumentCache full:https://registry.npmjs.org/commander cache-miss
26 silly fetch manifest node-fetch-native@^1.6.4
27 silly packumentCache full:https://registry.npmjs.org/node-fetch-native cache-miss
28 silly fetch manifest postcss@^8.5.5
29 silly packumentCache full:https://registry.npmjs.org/postcss cache-miss
30 http fetch GET 200 https://registry.npmjs.org/node-fetch-native 46ms (cache miss)
31 silly packumentCache full:https://registry.npmjs.org/node-fetch-native set size:undefined disposed:false
32 http fetch GET 200 https://registry.npmjs.org/commander 50ms (cache miss)
33 silly packumentCache full:https://registry.npmjs.org/commander set size:undefined disposed:false
34 http fetch GET 200 https://registry.npmjs.org/postcss 94ms (cache miss)
35 silly packumentCache full:https://registry.npmjs.org/postcss set size:undefined disposed:false
36 silly placeDep ROOT commander@14.0.1 OK for: shadcn-svelte@1.0.8 want: ^14.0.0
37 silly placeDep ROOT node-fetch-native@1.6.7 OK for: shadcn-svelte@1.0.8 want: ^1.6.4
38 silly placeDep ROOT postcss@8.5.6 OK for: shadcn-svelte@1.0.8 want: ^8.5.5
39 silly fetch manifest nanoid@^3.3.11
40 silly packumentCache full:https://registry.npmjs.org/nanoid cache-miss
41 silly fetch manifest picocolors@^1.1.1
42 silly packumentCache full:https://registry.npmjs.org/picocolors cache-miss
43 silly fetch manifest source-map-js@^1.2.1
44 silly packumentCache full:https://registry.npmjs.org/source-map-js cache-miss
45 http fetch GET 200 https://registry.npmjs.org/picocolors 39ms (cache miss)
46 silly packumentCache full:https://registry.npmjs.org/picocolors set size:undefined disposed:false
47 http fetch GET 200 https://registry.npmjs.org/source-map-js 40ms (cache miss)
48 silly packumentCache full:https://registry.npmjs.org/source-map-js set size:undefined disposed:false
49 http fetch GET 200 https://registry.npmjs.org/nanoid 44ms (cache miss)
50 silly packumentCache full:https://registry.npmjs.org/nanoid set size:undefined disposed:false
51 silly placeDep ROOT nanoid@3.3.11 OK for: postcss@8.5.6 want: ^3.3.11
52 silly placeDep ROOT picocolors@1.1.1 OK for: postcss@8.5.6 want: ^1.1.1
53 silly placeDep ROOT source-map-js@1.2.1 OK for: postcss@8.5.6 want: ^1.2.1
54 silly reify moves {}
55 silly audit bulk request {
55 silly audit   'shadcn-svelte': [ '1.0.8' ],
55 silly audit   commander: [ '14.0.1' ],
55 silly audit   'node-fetch-native': [ '1.6.7' ],
55 silly audit   postcss: [ '8.5.6' ],
55 silly audit   nanoid: [ '3.3.11' ],
55 silly audit   picocolors: [ '1.1.1' ],
55 silly audit   'source-map-js': [ '1.2.1' ]
55 silly audit }
56 http cache picocolors@https://registry.npmjs.org/picocolors/-/picocolors-1.1.1.tgz 0ms (cache hit)
57 http cache source-map-js@https://registry.npmjs.org/source-map-js/-/source-map-js-1.2.1.tgz 0ms (cache hit)
58 http cache nanoid@https://registry.npmjs.org/nanoid/-/nanoid-3.3.11.tgz 0ms (cache hit)
59 http cache postcss@https://registry.npmjs.org/postcss/-/postcss-8.5.6.tgz 0ms (cache hit)
60 http cache node-fetch-native@https://registry.npmjs.org/node-fetch-native/-/node-fetch-native-1.6.7.tgz 0ms (cache hit)
61 http cache commander@https://registry.npmjs.org/commander/-/commander-14.0.1.tgz 0ms (cache hit)
62 http cache shadcn-svelte@https://registry.npmjs.org/shadcn-svelte/-/shadcn-svelte-1.0.8.tgz 0ms (cache hit)
63 silly tarball no local data for picocolors@https://registry.npmjs.org/picocolors/-/picocolors-1.1.1.tgz. Extracting by manifest.
64 silly tarball no local data for source-map-js@https://registry.npmjs.org/source-map-js/-/source-map-js-1.2.1.tgz. Extracting by manifest.
65 silly tarball no local data for nanoid@https://registry.npmjs.org/nanoid/-/nanoid-3.3.11.tgz. Extracting by manifest.
66 silly tarball no local data for postcss@https://registry.npmjs.org/postcss/-/postcss-8.5.6.tgz. Extracting by manifest.
67 silly tarball no local data for node-fetch-native@https://registry.npmjs.org/node-fetch-native/-/node-fetch-native-1.6.7.tgz. Extracting by manifest.
68 silly tarball no local data for commander@https://registry.npmjs.org/commander/-/commander-14.0.1.tgz. Extracting by manifest.
69 silly tarball no local data for shadcn-svelte@https://registry.npmjs.org/shadcn-svelte/-/shadcn-svelte-1.0.8.tgz. Extracting by manifest.
70 http fetch GET 200 https://registry.npmjs.org/picocolors/-/picocolors-1.1.1.tgz 40ms (cache miss)
71 http fetch GET 200 https://registry.npmjs.org/source-map-js/-/source-map-js-1.2.1.tgz 43ms (cache miss)
72 http fetch GET 200 https://registry.npmjs.org/node-fetch-native/-/node-fetch-native-1.6.7.tgz 91ms (cache miss)
73 http fetch GET 200 https://registry.npmjs.org/commander/-/commander-14.0.1.tgz 92ms (cache miss)
74 http fetch GET 200 https://registry.npmjs.org/postcss/-/postcss-8.5.6.tgz 93ms (cache miss)
75 http fetch GET 200 https://registry.npmjs.org/nanoid/-/nanoid-3.3.11.tgz 99ms (cache miss)
76 http fetch GET 200 https://registry.npmjs.org/shadcn-svelte/-/shadcn-svelte-1.0.8.tgz 113ms (cache miss)
77 http fetch POST 200 https://registry.npmjs.org/-/npm/v1/security/advisories/bulk 228ms
78 silly audit report {}
79 verbose cwd /Users/alexis/code/pebbles
80 verbose os Darwin 25.0.0
81 verbose node v24.6.0
82 verbose npm  v11.6.1
83 notice
83 notice New patch version of npm available! 11.6.1 -> 11.6.2
83 notice Changelog: https://github.com/npm/cli/releases/tag/v11.6.2
83 notice To update run: npm install -g npm@11.6.2
83 notice  { force: true, Symbol(proc-log.meta): true }
84 verbose exit 0
85 info ok
